
000 | F0

001 | 90

002 | 90

003 | 90

004 | F0

005 | 20

006 | 60

007 | 20

008 | 20

009 | 70

00A | F0

00B | 10

00C | F0

00D | 80

00E | F0

00F | F0

010 | 10

011 | F0

012 | 10

013 | F0

014 | 90

015 | 90

016 | F0

017 | 10

018 | 10

019 | F0

01A | 80

01B | F0

01C | 10

01D | F0

01E | F0

01F | 80

020 | F0

021 | 90

022 | F0

023 | F0

024 | 10

025 | 20

026 | 40

027 | 40

028 | F0

029 | 90

02A | F0

02B | 90

02C | F0

02D | F0

02E | 90

02F | F0

030 | 10

031 | F0

032 | F0

033 | 90

034 | F0

035 | 90

036 | 90

037 | E0

038 | 90

039 | E0

03A | 90

03B | E0

03C | F0

03D | 80

03E | 80

03F | 80

040 | F0

041 | E0

042 | 90

043 | 90

044 | 90

045 | E0

046 | F0

047 | 80

048 | F0

049 | 80

04A | F0

04B | F0

04C | 80

04D | F0

04E | 80

04F | 80

050 | 00

051 | 00

052 | 00

053 | 00

054 | 00

055 | 00

056 | 00

057 | 00

058 | 00

059 | 00

05A | 00

05B | 00

05C | 00

05D | 00

05E | 00

05F | 00

060 | 00

061 | 00

062 | 00

063 | 00

064 | 00

065 | 00

066 | 00

067 | 00

068 | 00

069 | 00

06A | 00

06B | 00

06C | 00

06D | 00

06E | 00

06F | 00

070 | 00

071 | 00

072 | 00

073 | 00

074 | 00

075 | 00

076 | 00

077 | 00

078 | 00

079 | 00

07A | 00

07B | 00

07C | 00

07D | 00

07E | 00

07F | 00

080 | 00

081 | 00

082 | 00

083 | 00

084 | 00

085 | 00

086 | 00

087 | 00

088 | 00

089 | 00

08A | 00

08B | 00

08C | 00

08D | 00

08E | 00

08F | 00

090 | 00

091 | 00

092 | 00

093 | 00

094 | 00

095 | 00

096 | 00

097 | 00

098 | 00

099 | 00

09A | 00

09B | 00

09C | 00

09D | 00

09E | 00

09F | 00

0A0 | 00

0A1 | 00

0A2 | 00

0A3 | 00

0A4 | 00

0A5 | 00

0A6 | 00

0A7 | 00

0A8 | 00

0A9 | 00

0AA | 00

0AB | 00

0AC | 00

0AD | 00

0AE | 00

0AF | 00

0B0 | 00

0B1 | 00

0B2 | 00

0B3 | 00

0B4 | 00

0B5 | 00

0B6 | 00

0B7 | 00

0B8 | 00

0B9 | 00

0BA | 00

0BB | 00

0BC | 00

0BD | 00

0BE | 00

0BF | 00

0C0 | 00

0C1 | 00

0C2 | 00

0C3 | 00

0C4 | 00

0C5 | 00

0C6 | 00

0C7 | 00

0C8 | 00

0C9 | 00

0CA | 00

0CB | 00

0CC | 00

0CD | 00

0CE | 00

0CF | 00

0D0 | 00

0D1 | 00

0D2 | 00

0D3 | 00

0D4 | 00

0D5 | 00

0D6 | 00

0D7 | 00

0D8 | 00

0D9 | 00

0DA | 00

0DB | 00

0DC | 00

0DD | 00

0DE | 00

0DF | 00

0E0 | 00

0E1 | 00

0E2 | 00

0E3 | 00

0E4 | 00

0E5 | 00

0E6 | 00

0E7 | 00

0E8 | 00

0E9 | 00

0EA | 00

0EB | 00

0EC | 00

0ED | 00

0EE | 00

0EF | 00

0F0 | 00

0F1 | 00

0F2 | 00

0F3 | 00

0F4 | 00

0F5 | 00

0F6 | 00

0F7 | 00

0F8 | 00

0F9 | 00

0FA | 00

0FB | 00

0FC | 00

0FD | 00

0FE | 00

0FF | 00

100 | 00

101 | 00

102 | 00

103 | 00

104 | 00

105 | 00

106 | 00

107 | 00

108 | 00

109 | 00

10A | 00

10B | 00

10C | 00

10D | 00

10E | 00

10F | 00

110 | 00

111 | 00

112 | 00

113 | 00

114 | 00

115 | 00

116 | 00

117 | 00

118 | 00

119 | 00

11A | 00

11B | 00

11C | 00

11D | 00

11E | 00

11F | 00

120 | 00

121 | 00

122 | 00

123 | 00

124 | 00

125 | 00

126 | 00

127 | 00

128 | 00

129 | 00

12A | 00

12B | 00

12C | 00

12D | 00

12E | 00

12F | 00

130 | 00

131 | 00

132 | 00

133 | 00

134 | 00

135 | 00

136 | 00

137 | 00

138 | 00

139 | 00

13A | 00

13B | 00

13C | 00

13D | 00

13E | 00

13F | 00

140 | 00

141 | 00

142 | 00

143 | 00

144 | 00

145 | 00

146 | 00

147 | 00

148 | 00

149 | 00

14A | 00

14B | 00

14C | 00

14D | 00

14E | 00

14F | 00

150 | 00

151 | 00

152 | 00

153 | 00

154 | 00

155 | 00

156 | 00

157 | 00

158 | 00

159 | 00

15A | 00

15B | 00

15C | 00

15D | 00

15E | 00

15F | 00

160 | 00

161 | 00

162 | 00

163 | 00

164 | 00

165 | 00

166 | 00

167 | 00

168 | 00

169 | 00

16A | 00

16B | 00

16C | 00

16D | 00

16E | 00

16F | 00

170 | 00

171 | 00

172 | 00

173 | 00

174 | 00

175 | 00

176 | 00

177 | 00

178 | 00

179 | 00

17A | 00

17B | 00

17C | 00

17D | 00

17E | 00

17F | 00

180 | 00

181 | 00

182 | 00

183 | 00

184 | 00

185 | 00

186 | 00

187 | 00

188 | 00

189 | 00

18A | 00

18B | 00

18C | 00

18D | 00

18E | 00

18F | 00

190 | 00

191 | 00

192 | 00

193 | 00

194 | 00

195 | 00

196 | 00

197 | 00

198 | 00

199 | 00

19A | 00

19B | 00

19C | 00

19D | 00

19E | 00

19F | 00

1A0 | 00

1A1 | 00

1A2 | 00

1A3 | 00

1A4 | 00

1A5 | 00

1A6 | 00

1A7 | 00

1A8 | 00

1A9 | 00

1AA | 00

1AB | 00

1AC | 00

1AD | 00

1AE | 00

1AF | 00

1B0 | 00

1B1 | 00

1B2 | 00

1B3 | 00

1B4 | 00

1B5 | 00

1B6 | 00

1B7 | 00

1B8 | 00

1B9 | 00

1BA | 00

1BB | 00

1BC | 00

1BD | 00

1BE | 00

1BF | 00

1C0 | 00

1C1 | 00

1C2 | 00

1C3 | 00

1C4 | 00

1C5 | 00

1C6 | 00

1C7 | 00

1C8 | 00

1C9 | 00

1CA | 00

1CB | 00

1CC | 00

1CD | 00

1CE | 00

1CF | 00

1D0 | 00

1D1 | 00

1D2 | 00

1D3 | 00

1D4 | 00

1D5 | 00

1D6 | 00

1D7 | 00

1D8 | 00

1D9 | 00

1DA | 00

1DB | 00

1DC | 00

1DD | 00

1DE | 00

1DF | 00

1E0 | 00

1E1 | 00

1E2 | 00

1E3 | 00

1E4 | 00

1E5 | 00

1E6 | 00

1E7 | 00

1E8 | 00

1E9 | 00

1EA | 00

1EB | 00

1EC | 00

1ED | 00

1EE | 00

1EF | 00

1F0 | 00

1F1 | 00

1F2 | 00

1F3 | 00

1F4 | 00

1F5 | 00

1F6 | 00

1F7 | 00

1F8 | 00

1F9 | 00

1FA | 00

1FB | 00

1FC | 00

1FD | 00

1FE | 00

1FF | 00

200 | 12

201 | 4E

202 | EA

203 | AC

204 | AA

205 | EA

206 | CE

207 | AA

208 | AA

209 | AE

20A | E0

20B | A0

20C | A0

20D | E0

20E | C0

20F | 40

210 | 40

211 | E0

212 | E0

213 | 20

214 | C0

215 | E0

216 | E0

217 | 60

218 | 20

219 | E0

21A | A0

21B | E0

21C | 20

21D | 20

21E | 60

21F | 40

220 | 20

221 | 40

222 | E0

223 | 80

224 | E0

225 | E0

226 | E0

227 | 20

228 | 20

229 | 20

22A | E0

22B | E0

22C | A0

22D | E0

22E | E0

22F | E0

230 | 20

231 | E0

232 | 40

233 | A0

234 | E0

235 | A0

236 | E0

237 | C0

238 | 80

239 | E0

23A | E0

23B | 80

23C | C0

23D | 80

23E | A0

23F | 40

240 | A0

241 | A0

242 | A2

243 | 02

244 | DA

245 | B4

246 | 00

247 | EE

248 | A2

249 | 02

24A | DA

24B | B4

24C | 13

24D | DC

24E | 68

24F | 01

250 | 69

251 | 05

252 | 6A

253 | 0A

254 | 6B

255 | 01

256 | 65

257 | 2A

258 | 66

259 | 2B

25A | A2

25B | 16

25C | D8

25D | B4

25E | A2

25F | 3E

260 | D9

261 | B4

262 | A2

263 | 02

264 | 36

265 | 2B

266 | A2

267 | 06

268 | DA

269 | B4

26A | 6B

26B | 06

26C | A2

26D | 1A

26E | D8

26F | B4

270 | A2

271 | 3E

272 | D9

273 | B4

274 | A2

275 | 06

276 | 45

277 | 2A

278 | A2

279 | 02

27A | DA

27B | B4

27C | 6B

27D | 0B

27E | A2

27F | 1E

280 | D8

281 | B4

282 | A2

283 | 3E

284 | D9

285 | B4

286 | A2

287 | 06

288 | 55

289 | 60

28A | A2

28B | 02

28C | DA

28D | B4

28E | 6B

28F | 10

290 | A2

291 | 26

292 | D8

293 | B4

294 | A2

295 | 3E

296 | D9

297 | B4

298 | A2

299 | 06

29A | 76

29B | FF

29C | 46

29D | 2A

29E | A2

29F | 02

2A0 | DA

2A1 | B4

2A2 | 6B

2A3 | 15

2A4 | A2

2A5 | 2E

2A6 | D8

2A7 | B4

2A8 | A2

2A9 | 3E

2AA | D9

2AB | B4

2AC | A2

2AD | 06

2AE | 95

2AF | 60

2B0 | A2

2B1 | 02

2B2 | DA

2B3 | B4

2B4 | 6B

2B5 | 1A

2B6 | A2

2B7 | 32

2B8 | D8

2B9 | B4

2BA | A2

2BB | 3E

2BC | D9

2BD | B4

2BE | 22

2BF | 42

2C0 | 68

2C1 | 17

2C2 | 69

2C3 | 1B

2C4 | 6A

2C5 | 20

2C6 | 6B

2C7 | 01

2C8 | A2

2C9 | 0A

2CA | D8

2CB | B4

2CC | A2

2CD | 36

2CE | D9

2CF | B4

2D0 | A2

2D1 | 02

2D2 | DA

2D3 | B4

2D4 | 6B

2D5 | 06

2D6 | A2

2D7 | 2A

2D8 | D8

2D9 | B4

2DA | A2

2DB | 0A

2DC | D9

2DD | B4

2DE | A2

2DF | 06

2E0 | 87

2E1 | 50

2E2 | 47

2E3 | 2A

2E4 | A2

2E5 | 02

2E6 | DA

2E7 | B4

2E8 | 6B

2E9 | 0B

2EA | A2

2EB | 2A

2EC | D8

2ED | B4

2EE | A2

2EF | 0E

2F0 | D9

2F1 | B4

2F2 | A2

2F3 | 06

2F4 | 67

2F5 | 2A

2F6 | 87

2F7 | B1

2F8 | 47

2F9 | 2B

2FA | A2

2FB | 02

2FC | DA

2FD | B4

2FE | 6B

2FF | 10

300 | A2

301 | 2A

302 | D8

303 | B4

304 | A2

305 | 12

306 | D9

307 | B4

308 | A2

309 | 06

30A | 66

30B | 78

30C | 67

30D | 1F

30E | 87

30F | 62

310 | 47

311 | 18

312 | A2

313 | 02

314 | DA

315 | B4

316 | 6B

317 | 15

318 | A2

319 | 2A

31A | D8

31B | B4

31C | A2

31D | 16

31E | D9

31F | B4

320 | A2

321 | 06

322 | 66

323 | 78

324 | 67

325 | 1F

326 | 87

327 | 63

328 | 47

329 | 67

32A | A2

32B | 02

32C | DA

32D | B4

32E | 6B

32F | 1A

330 | A2

331 | 2A

332 | D8

333 | B4

334 | A2

335 | 1A

336 | D9

337 | B4

338 | A2

339 | 06

33A | 66

33B | 8C

33C | 67

33D | 8C

33E | 87

33F | 64

340 | 47

341 | 18

342 | A2

343 | 02

344 | DA

345 | B4

346 | 68

347 | 2C

348 | 69

349 | 30

34A | 6A

34B | 34

34C | 6B

34D | 01

34E | A2

34F | 2A

350 | D8

351 | B4

352 | A2

353 | 1E

354 | D9

355 | B4

356 | A2

357 | 06

358 | 66

359 | 8C

35A | 67

35B | 78

35C | 87

35D | 65

35E | 47

35F | EC

360 | A2

361 | 02

362 | DA

363 | B4

364 | 6B

365 | 06

366 | A2

367 | 2A

368 | D8

369 | B4

36A | A2

36B | 22

36C | D9

36D | B4

36E | A2

36F | 06

370 | 66

371 | E0

372 | 86

373 | 6E

374 | 46

375 | C0

376 | A2

377 | 02

378 | DA

379 | B4

37A | 6B

37B | 0B

37C | A2

37D | 2A

37E | D8

37F | B4

380 | A2

381 | 36

382 | D9

383 | B4

384 | A2

385 | 06

386 | 66

387 | 0F

388 | 86

389 | 66

38A | 46

38B | 07

38C | A2

38D | 02

38E | DA

38F | B4

390 | 6B

391 | 10

392 | A2

393 | 3A

394 | D8

395 | B4

396 | A2

397 | 1E

398 | D9

399 | B4

39A | A3

39B | E8

39C | 60

39D | 00

39E | 61

39F | 30

3A0 | F1

3A1 | 55

3A2 | A3

3A3 | E9

3A4 | F0

3A5 | 65

3A6 | A2

3A7 | 06

3A8 | 40

3A9 | 30

3AA | A2

3AB | 02

3AC | DA

3AD | B4

3AE | 6B

3AF | 15

3B0 | A2

3B1 | 3A

3B2 | D8

3B3 | B4

3B4 | A2

3B5 | 16

3B6 | D9

3B7 | B4

3B8 | A3

3B9 | E8

3BA | 66

3BB | 89

3BC | F6

3BD | 33

3BE | F2

3BF | 65

3C0 | A2

3C1 | 02

3C2 | 30

3C3 | 01

3C4 | A2

3C5 | 06

3C6 | 31

3C7 | 03

3C8 | A2

3C9 | 06

3CA | 32

3CB | 07

3CC | A2

3CD | 06

3CE | DA

3CF | B4

3D0 | 6B

3D1 | 1A

3D2 | A2

3D3 | 0E

3D4 | D8

3D5 | B4

3D6 | A2

3D7 | 3E

3D8 | D9

3D9 | B4

3DA | 12

3DB | 48

3DC | 13

3DD | DC

3DE | 00

3DF | 00

3E0 | 00

3E1 | 00

3E2 | 00

3E3 | 00

3E4 | 00

3E5 | 00

3E6 | 00

3E7 | 00

3E8 | 00

3E9 | 00

3EA | 00

3EB | 00

3EC | 00

3ED | 00

3EE | 00

3EF | 00

3F0 | 00

3F1 | 00

3F2 | 00

3F3 | 00

3F4 | 00

3F5 | 00

3F6 | 00

3F7 | 00

3F8 | 00

3F9 | 00

3FA | 00

3FB | 00

3FC | 00

3FD | 00

3FE | 00

3FF | 00

400 | 00

401 | 00

402 | 00

403 | 00

404 | 00

405 | 00

406 | 00

407 | 00

408 | 00

409 | 00

40A | 00

40B | 00

40C | 00

40D | 00

40E | 00

40F | 00

410 | 00

411 | 00

412 | 00

413 | 00

414 | 00

415 | 00

416 | 00

417 | 00

418 | 00

419 | 00

41A | 00

41B | 00

41C | 00

41D | 00

41E | 00

41F | 00

420 | 00

421 | 00

422 | 00

423 | 00

424 | 00

425 | 00

426 | 00

427 | 00

428 | 00

429 | 00

42A | 00

42B | 00

42C | 00

42D | 00

42E | 00

42F | 00

430 | 00

431 | 00

432 | 00

433 | 00

434 | 00

435 | 00

436 | 00

437 | 00

438 | 00

439 | 00

43A | 00

43B | 00

43C | 00

43D | 00

43E | 00

43F | 00

440 | 00

441 | 00

442 | 00

443 | 00

444 | 00

445 | 00

446 | 00

447 | 00

448 | 00

449 | 00

44A | 00

44B | 00

44C | 00

44D | 00

44E | 00

44F | 00

450 | 00

451 | 00

452 | 00

453 | 00

454 | 00

455 | 00

456 | 00

457 | 00

458 | 00

459 | 00

45A | 00

45B | 00

45C | 00

45D | 00

45E | 00

45F | 00

460 | 00

461 | 00

462 | 00

463 | 00

464 | 00

465 | 00

466 | 00

467 | 00

468 | 00

469 | 00

46A | 00

46B | 00

46C | 00

46D | 00

46E | 00

46F | 00

470 | 00

471 | 00

472 | 00

473 | 00

474 | 00

475 | 00

476 | 00

477 | 00

478 | 00

479 | 00

47A | 00

47B | 00

47C | 00

47D | 00

47E | 00

47F | 00

480 | 00

481 | 00

482 | 00

483 | 00

484 | 00

485 | 00

486 | 00

487 | 00

488 | 00

489 | 00

48A | 00

48B | 00

48C | 00

48D | 00

48E | 00

48F | 00

490 | 00

491 | 00

492 | 00

493 | 00

494 | 00

495 | 00

496 | 00

497 | 00

498 | 00

499 | 00

49A | 00

49B | 00

49C | 00

49D | 00

49E | 00

49F | 00

4A0 | 00

4A1 | 00

4A2 | 00

4A3 | 00

4A4 | 00

4A5 | 00

4A6 | 00

4A7 | 00

4A8 | 00

4A9 | 00

4AA | 00

4AB | 00

4AC | 00

4AD | 00

4AE | 00

4AF | 00

4B0 | 00

4B1 | 00

4B2 | 00

4B3 | 00

4B4 | 00

4B5 | 00

4B6 | 00

4B7 | 00

4B8 | 00

4B9 | 00

4BA | 00

4BB | 00

4BC | 00

4BD | 00

4BE | 00

4BF | 00

4C0 | 00

4C1 | 00

4C2 | 00

4C3 | 00

4C4 | 00

4C5 | 00

4C6 | 00

4C7 | 00

4C8 | 00

4C9 | 00

4CA | 00

4CB | 00

4CC | 00

4CD | 00

4CE | 00

4CF | 00

4D0 | 00

4D1 | 00

4D2 | 00

4D3 | 00

4D4 | 00

4D5 | 00

4D6 | 00

4D7 | 00

4D8 | 00

4D9 | 00

4DA | 00

4DB | 00

4DC | 00

4DD | 00

4DE | 00

4DF | 00

4E0 | 00

4E1 | 00

4E2 | 00

4E3 | 00

4E4 | 00

4E5 | 00

4E6 | 00

4E7 | 00

4E8 | 00

4E9 | 00

4EA | 00

4EB | 00

4EC | 00

4ED | 00

4EE | 00

4EF | 00

4F0 | 00

4F1 | 00

4F2 | 00

4F3 | 00

4F4 | 00

4F5 | 00

4F6 | 00

4F7 | 00

4F8 | 00

4F9 | 00

4FA | 00

4FB | 00

4FC | 00

4FD | 00

4FE | 00

4FF | 00

500 | 00

501 | 00

502 | 00

503 | 00

504 | 00

505 | 00

506 | 00

507 | 00

508 | 00

509 | 00

50A | 00

50B | 00

50C | 00

50D | 00

50E | 00

50F | 00

510 | 00

511 | 00

512 | 00

513 | 00

514 | 00

515 | 00

516 | 00

517 | 00

518 | 00

519 | 00

51A | 00

51B | 00

51C | 00

51D | 00

51E | 00

51F | 00

520 | 00

521 | 00

522 | 00

523 | 00

524 | 00

525 | 00

526 | 00

527 | 00

528 | 00

529 | 00

52A | 00

52B | 00

52C | 00

52D | 00

52E | 00

52F | 00

530 | 00

531 | 00

532 | 00

533 | 00

534 | 00

535 | 00

536 | 00

537 | 00

538 | 00

539 | 00

53A | 00

53B | 00

53C | 00

53D | 00

53E | 00

53F | 00

540 | 00

541 | 00

542 | 00

543 | 00

544 | 00

545 | 00

546 | 00

547 | 00

548 | 00

549 | 00

54A | 00

54B | 00

54C | 00

54D | 00

54E | 00

54F | 00

550 | 00

551 | 00

552 | 00

553 | 00

554 | 00

555 | 00

556 | 00

557 | 00

558 | 00

559 | 00

55A | 00

55B | 00

55C | 00

55D | 00

55E | 00

55F | 00

560 | 00

561 | 00

562 | 00

563 | 00

564 | 00

565 | 00

566 | 00

567 | 00

568 | 00

569 | 00

56A | 00

56B | 00

56C | 00

56D | 00

56E | 00

56F | 00

570 | 00

571 | 00

572 | 00

573 | 00

574 | 00

575 | 00

576 | 00

577 | 00

578 | 00

579 | 00

57A | 00

57B | 00

57C | 00

57D | 00

57E | 00

57F | 00

580 | 00

581 | 00

582 | 00

583 | 00

584 | 00

585 | 00

586 | 00

587 | 00

588 | 00

589 | 00

58A | 00

58B | 00

58C | 00

58D | 00

58E | 00

58F | 00

590 | 00

591 | 00

592 | 00

593 | 00

594 | 00

595 | 00

596 | 00

597 | 00

598 | 00

599 | 00

59A | 00

59B | 00

59C | 00

59D | 00

59E | 00

59F | 00

5A0 | 00

5A1 | 00

5A2 | 00

5A3 | 00

5A4 | 00

5A5 | 00

5A6 | 00

5A7 | 00

5A8 | 00

5A9 | 00

5AA | 00

5AB | 00

5AC | 00

5AD | 00

5AE | 00

5AF | 00

5B0 | 00

5B1 | 00

5B2 | 00

5B3 | 00

5B4 | 00

5B5 | 00

5B6 | 00

5B7 | 00

5B8 | 00

5B9 | 00

5BA | 00

5BB | 00

5BC | 00

5BD | 00

5BE | 00

5BF | 00

5C0 | 00

5C1 | 00

5C2 | 00

5C3 | 00

5C4 | 00

5C5 | 00

5C6 | 00

5C7 | 00

5C8 | 00

5C9 | 00

5CA | 00

5CB | 00

5CC | 00

5CD | 00

5CE | 00

5CF | 00

5D0 | 00

5D1 | 00

5D2 | 00

5D3 | 00

5D4 | 00

5D5 | 00

5D6 | 00

5D7 | 00

5D8 | 00

5D9 | 00

5DA | 00

5DB | 00

5DC | 00

5DD | 00

5DE | 00

5DF | 00

5E0 | 00

5E1 | 00

5E2 | 00

5E3 | 00

5E4 | 00

5E5 | 00

5E6 | 00

5E7 | 00

5E8 | 00

5E9 | 00

5EA | 00

5EB | 00

5EC | 00

5ED | 00

5EE | 00

5EF | 00

5F0 | 00

5F1 | 00

5F2 | 00

5F3 | 00

5F4 | 00

5F5 | 00

5F6 | 00

5F7 | 00

5F8 | 00

5F9 | 00

5FA | 00

5FB | 00

5FC | 00

5FD | 00

5FE | 00

5FF | 00

600 | 00

601 | 00

602 | 00

603 | 00

604 | 00

605 | 00

606 | 00

607 | 00

608 | 00

609 | 00

60A | 00

60B | 00

60C | 00

60D | 00

60E | 00

60F | 00

610 | 00

611 | 00

612 | 00

613 | 00

614 | 00

615 | 00

616 | 00

617 | 00

618 | 00

619 | 00

61A | 00

61B | 00

61C | 00

61D | 00

61E | 00

61F | 00

620 | 00

621 | 00

622 | 00

623 | 00

624 | 00

625 | 00

626 | 00

627 | 00

628 | 00

629 | 00

62A | 00

62B | 00

62C | 00

62D | 00

62E | 00

62F | 00

630 | 00

631 | 00

632 | 00

633 | 00

634 | 00

635 | 00

636 | 00

637 | 00

638 | 00

639 | 00

63A | 00

63B | 00

63C | 00

63D | 00

63E | 00

63F | 00

640 | 00

641 | 00

642 | 00

643 | 00

644 | 00

645 | 00

646 | 00

647 | 00

648 | 00

649 | 00

64A | 00

64B | 00

64C | 00

64D | 00

64E | 00

64F | 00

650 | 00

651 | 00

652 | 00

653 | 00

654 | 00

655 | 00

656 | 00

657 | 00

658 | 00

659 | 00

65A | 00

65B | 00

65C | 00

65D | 00

65E | 00

65F | 00

660 | 00

661 | 00

662 | 00

663 | 00

664 | 00

665 | 00

666 | 00

667 | 00

668 | 00

669 | 00

66A | 00

66B | 00

66C | 00

66D | 00

66E | 00

66F | 00

670 | 00

671 | 00

672 | 00

673 | 00

674 | 00

675 | 00

676 | 00

677 | 00

678 | 00

679 | 00

67A | 00

67B | 00

67C | 00

67D | 00

67E | 00

67F | 00

680 | 00

681 | 00

682 | 00

683 | 00

684 | 00

685 | 00

686 | 00

687 | 00

688 | 00

689 | 00

68A | 00

68B | 00

68C | 00

68D | 00

68E | 00

68F | 00

690 | 00

691 | 00

692 | 00

693 | 00

694 | 00

695 | 00

696 | 00

697 | 00

698 | 00

699 | 00

69A | 00

69B | 00

69C | 00

69D | 00

69E | 00

69F | 00

6A0 | 00

6A1 | 00

6A2 | 00

6A3 | 00

6A4 | 00

6A5 | 00

6A6 | 00

6A7 | 00

6A8 | 00

6A9 | 00

6AA | 00

6AB | 00

6AC | 00

6AD | 00

6AE | 00

6AF | 00

6B0 | 00

6B1 | 00

6B2 | 00

6B3 | 00

6B4 | 00

6B5 | 00

6B6 | 00

6B7 | 00

6B8 | 00

6B9 | 00

6BA | 00

6BB | 00

6BC | 00

6BD | 00

6BE | 00

6BF | 00

6C0 | 00

6C1 | 00

6C2 | 00

6C3 | 00

6C4 | 00

6C5 | 00

6C6 | 00

6C7 | 00

6C8 | 00

6C9 | 00

6CA | 00

6CB | 00

6CC | 00

6CD | 00

6CE | 00

6CF | 00

6D0 | 00

6D1 | 00

6D2 | 00

6D3 | 00

6D4 | 00

6D5 | 00

6D6 | 00

6D7 | 00

6D8 | 00

6D9 | 00

6DA | 00

6DB | 00

6DC | 00

6DD | 00

6DE | 00

6DF | 00

6E0 | 00

6E1 | 00

6E2 | 00

6E3 | 00

6E4 | 00

6E5 | 00

6E6 | 00

6E7 | 00

6E8 | 00

6E9 | 00

6EA | 00

6EB | 00

6EC | 00

6ED | 00

6EE | 00

6EF | 00

6F0 | 00

6F1 | 00

6F2 | 00

6F3 | 00

6F4 | 00

6F5 | 00

6F6 | 00

6F7 | 00

6F8 | 00

6F9 | 00

6FA | 00

6FB | 00

6FC | 00

6FD | 00

6FE | 00

6FF | 00

700 | 00

701 | 00

702 | 00

703 | 00

704 | 00

705 | 00

706 | 00

707 | 00

708 | 00

709 | 00

70A | 00

70B | 00

70C | 00

70D | 00

70E | 00

70F | 00

710 | 00

711 | 00

712 | 00

713 | 00

714 | 00

715 | 00

716 | 00

717 | 00

718 | 00

719 | 00

71A | 00

71B | 00

71C | 00

71D | 00

71E | 00

71F | 00

720 | 00

721 | 00

722 | 00

723 | 00

724 | 00

725 | 00

726 | 00

727 | 00

728 | 00

729 | 00

72A | 00

72B | 00

72C | 00

72D | 00

72E | 00

72F | 00

730 | 00

731 | 00

732 | 00

733 | 00

734 | 00

735 | 00

736 | 00

737 | 00

738 | 00

739 | 00

73A | 00

73B | 00

73C | 00

73D | 00

73E | 00

73F | 00

740 | 00

741 | 00

742 | 00

743 | 00

744 | 00

745 | 00

746 | 00

747 | 00

748 | 00

749 | 00

74A | 00

74B | 00

74C | 00

74D | 00

74E | 00

74F | 00

750 | 00

751 | 00

752 | 00

753 | 00

754 | 00

755 | 00

756 | 00

757 | 00

758 | 00

759 | 00

75A | 00

75B | 00

75C | 00

75D | 00

75E | 00

75F | 00

760 | 00

761 | 00

762 | 00

763 | 00

764 | 00

765 | 00

766 | 00

767 | 00

768 | 00

769 | 00

76A | 00

76B | 00

76C | 00

76D | 00

76E | 00

76F | 00

770 | 00

771 | 00

772 | 00

773 | 00

774 | 00

775 | 00

776 | 00

777 | 00

778 | 00

779 | 00

77A | 00

77B | 00

77C | 00

77D | 00

77E | 00

77F | 00

780 | 00

781 | 00

782 | 00

783 | 00

784 | 00

785 | 00

786 | 00

787 | 00

788 | 00

789 | 00

78A | 00

78B | 00

78C | 00

78D | 00

78E | 00

78F | 00

790 | 00

791 | 00

792 | 00

793 | 00

794 | 00

795 | 00

796 | 00

797 | 00

798 | 00

799 | 00

79A | 00

79B | 00

79C | 00

79D | 00

79E | 00

79F | 00

7A0 | 00

7A1 | 00

7A2 | 00

7A3 | 00

7A4 | 00

7A5 | 00

7A6 | 00

7A7 | 00

7A8 | 00

7A9 | 00

7AA | 00

7AB | 00

7AC | 00

7AD | 00

7AE | 00

7AF | 00

7B0 | 00

7B1 | 00

7B2 | 00

7B3 | 00

7B4 | 00

7B5 | 00

7B6 | 00

7B7 | 00

7B8 | 00

7B9 | 00

7BA | 00

7BB | 00

7BC | 00

7BD | 00

7BE | 00

7BF | 00

7C0 | 00

7C1 | 00

7C2 | 00

7C3 | 00

7C4 | 00

7C5 | 00

7C6 | 00

7C7 | 00

7C8 | 00

7C9 | 00

7CA | 00

7CB | 00

7CC | 00

7CD | 00

7CE | 00

7CF | 00

7D0 | 00

7D1 | 00

7D2 | 00

7D3 | 00

7D4 | 00

7D5 | 00

7D6 | 00

7D7 | 00

7D8 | 00

7D9 | 00

7DA | 00

7DB | 00

7DC | 00

7DD | 00

7DE | 00

7DF | 00

7E0 | 00

7E1 | 00

7E2 | 00

7E3 | 00

7E4 | 00

7E5 | 00

7E6 | 00

7E7 | 00

7E8 | 00

7E9 | 00

7EA | 00

7EB | 00

7EC | 00

7ED | 00

7EE | 00

7EF | 00

7F0 | 00

7F1 | 00

7F2 | 00

7F3 | 00

7F4 | 00

7F5 | 00

7F6 | 00

7F7 | 00

7F8 | 00

7F9 | 00

7FA | 00

7FB | 00

7FC | 00

7FD | 00

7FE | 00

7FF | 00

800 | 00

801 | 00

802 | 00

803 | 00

804 | 00

805 | 00

806 | 00

807 | 00

808 | 00

809 | 00

80A | 00

80B | 00

80C | 00

80D | 00

80E | 00

80F | 00

810 | 00

811 | 00

812 | 00

813 | 00

814 | 00

815 | 00

816 | 00

817 | 00

818 | 00

819 | 00

81A | 00

81B | 00

81C | 00

81D | 00

81E | 00

81F | 00

820 | 00

821 | 00

822 | 00

823 | 00

824 | 00

825 | 00

826 | 00

827 | 00

828 | 00

829 | 00

82A | 00

82B | 00

82C | 00

82D | 00

82E | 00

82F | 00

830 | 00

831 | 00

832 | 00

833 | 00

834 | 00

835 | 00

836 | 00

837 | 00

838 | 00

839 | 00

83A | 00

83B | 00

83C | 00

83D | 00

83E | 00

83F | 00

840 | 00

841 | 00

842 | 00

843 | 00

844 | 00

845 | 00

846 | 00

847 | 00

848 | 00

849 | 00

84A | 00

84B | 00

84C | 00

84D | 00

84E | 00

84F | 00

850 | 00

851 | 00

852 | 00

853 | 00

854 | 00

855 | 00

856 | 00

857 | 00

858 | 00

859 | 00

85A | 00

85B | 00

85C | 00

85D | 00

85E | 00

85F | 00

860 | 00

861 | 00

862 | 00

863 | 00

864 | 00

865 | 00

866 | 00

867 | 00

868 | 00

869 | 00

86A | 00

86B | 00

86C | 00

86D | 00

86E | 00

86F | 00

870 | 00

871 | 00

872 | 00

873 | 00

874 | 00

875 | 00

876 | 00

877 | 00

878 | 00

879 | 00

87A | 00

87B | 00

87C | 00

87D | 00

87E | 00

87F | 00

880 | 00

881 | 00

882 | 00

883 | 00

884 | 00

885 | 00

886 | 00

887 | 00

888 | 00

889 | 00

88A | 00

88B | 00

88C | 00

88D | 00

88E | 00

88F | 00

890 | 00

891 | 00

892 | 00

893 | 00

894 | 00

895 | 00

896 | 00

897 | 00

898 | 00

899 | 00

89A | 00

89B | 00

89C | 00

89D | 00

89E | 00

89F | 00

8A0 | 00

8A1 | 00

8A2 | 00

8A3 | 00

8A4 | 00

8A5 | 00

8A6 | 00

8A7 | 00

8A8 | 00

8A9 | 00

8AA | 00

8AB | 00

8AC | 00

8AD | 00

8AE | 00

8AF | 00

8B0 | 00

8B1 | 00

8B2 | 00

8B3 | 00

8B4 | 00

8B5 | 00

8B6 | 00

8B7 | 00

8B8 | 00

8B9 | 00

8BA | 00

8BB | 00

8BC | 00

8BD | 00

8BE | 00

8BF | 00

8C0 | 00

8C1 | 00

8C2 | 00

8C3 | 00

8C4 | 00

8C5 | 00

8C6 | 00

8C7 | 00

8C8 | 00

8C9 | 00

8CA | 00

8CB | 00

8CC | 00

8CD | 00

8CE | 00

8CF | 00

8D0 | 00

8D1 | 00

8D2 | 00

8D3 | 00

8D4 | 00

8D5 | 00

8D6 | 00

8D7 | 00

8D8 | 00

8D9 | 00

8DA | 00

8DB | 00

8DC | 00

8DD | 00

8DE | 00

8DF | 00

8E0 | 00

8E1 | 00

8E2 | 00

8E3 | 00

8E4 | 00

8E5 | 00

8E6 | 00

8E7 | 00

8E8 | 00

8E9 | 00

8EA | 00

8EB | 00

8EC | 00

8ED | 00

8EE | 00

8EF | 00

8F0 | 00

8F1 | 00

8F2 | 00

8F3 | 00

8F4 | 00

8F5 | 00

8F6 | 00

8F7 | 00

8F8 | 00

8F9 | 00

8FA | 00

8FB | 00

8FC | 00

8FD | 00

8FE | 00

8FF | 00

900 | 00

901 | 00

902 | 00

903 | 00

904 | 00

905 | 00

906 | 00

907 | 00

908 | 00

909 | 00

90A | 00

90B | 00

90C | 00

90D | 00

90E | 00

90F | 00

910 | 00

911 | 00

912 | 00

913 | 00

914 | 00

915 | 00

916 | 00

917 | 00

918 | 00

919 | 00

91A | 00

91B | 00

91C | 00

91D | 00

91E | 00

91F | 00

920 | 00

921 | 00

922 | 00

923 | 00

924 | 00

925 | 00

926 | 00

927 | 00

928 | 00

929 | 00

92A | 00

92B | 00

92C | 00

92D | 00

92E | 00

92F | 00

930 | 00

931 | 00

932 | 00

933 | 00

934 | 00

935 | 00

936 | 00

937 | 00

938 | 00

939 | 00

93A | 00

93B | 00

93C | 00

93D | 00

93E | 00

93F | 00

940 | 00

941 | 00

942 | 00

943 | 00

944 | 00

945 | 00

946 | 00

947 | 00

948 | 00

949 | 00

94A | 00

94B | 00

94C | 00

94D | 00

94E | 00

94F | 00

950 | 00

951 | 00

952 | 00

953 | 00

954 | 00

955 | 00

956 | 00

957 | 00

958 | 00

959 | 00

95A | 00

95B | 00

95C | 00

95D | 00

95E | 00

95F | 00

960 | 00

961 | 00

962 | 00

963 | 00

964 | 00

965 | 00

966 | 00

967 | 00

968 | 00

969 | 00

96A | 00

96B | 00

96C | 00

96D | 00

96E | 00

96F | 00

970 | 00

971 | 00

972 | 00

973 | 00

974 | 00

975 | 00

976 | 00

977 | 00

978 | 00

979 | 00

97A | 00

97B | 00

97C | 00

97D | 00

97E | 00

97F | 00

980 | 00

981 | 00

982 | 00

983 | 00

984 | 00

985 | 00

986 | 00

987 | 00

988 | 00

989 | 00

98A | 00

98B | 00

98C | 00

98D | 00

98E | 00

98F | 00

990 | 00

991 | 00

992 | 00

993 | 00

994 | 00

995 | 00

996 | 00

997 | 00

998 | 00

999 | 00

99A | 00

99B | 00

99C | 00

99D | 00

99E | 00

99F | 00

9A0 | 00

9A1 | 00

9A2 | 00

9A3 | 00

9A4 | 00

9A5 | 00

9A6 | 00

9A7 | 00

9A8 | 00

9A9 | 00

9AA | 00

9AB | 00

9AC | 00

9AD | 00

9AE | 00

9AF | 00

9B0 | 00

9B1 | 00

9B2 | 00

9B3 | 00

9B4 | 00

9B5 | 00

9B6 | 00

9B7 | 00

9B8 | 00

9B9 | 00

9BA | 00

9BB | 00

9BC | 00

9BD | 00

9BE | 00

9BF | 00

9C0 | 00

9C1 | 00

9C2 | 00

9C3 | 00

9C4 | 00

9C5 | 00

9C6 | 00

9C7 | 00

9C8 | 00

9C9 | 00

9CA | 00

9CB | 00

9CC | 00

9CD | 00

9CE | 00

9CF | 00

9D0 | 00

9D1 | 00

9D2 | 00

9D3 | 00

9D4 | 00

9D5 | 00

9D6 | 00

9D7 | 00

9D8 | 00

9D9 | 00

9DA | 00

9DB | 00

9DC | 00

9DD | 00

9DE | 00

9DF | 00

9E0 | 00

9E1 | 00

9E2 | 00

9E3 | 00

9E4 | 00

9E5 | 00

9E6 | 00

9E7 | 00

9E8 | 00

9E9 | 00

9EA | 00

9EB | 00

9EC | 00

9ED | 00

9EE | 00

9EF | 00

9F0 | 00

9F1 | 00

9F2 | 00

9F3 | 00

9F4 | 00

9F5 | 00

9F6 | 00

9F7 | 00

9F8 | 00

9F9 | 00

9FA | 00

9FB | 00

9FC | 00

9FD | 00

9FE | 00

9FF | 00

A00 | 00

A01 | 00

A02 | 00

A03 | 00

A04 | 00

A05 | 00

A06 | 00

A07 | 00

A08 | 00

A09 | 00

A0A | 00

A0B | 00

A0C | 00

A0D | 00

A0E | 00

A0F | 00

A10 | 00

A11 | 00

A12 | 00

A13 | 00

A14 | 00

A15 | 00

A16 | 00

A17 | 00

A18 | 00

A19 | 00

A1A | 00

A1B | 00

A1C | 00

A1D | 00

A1E | 00

A1F | 00

A20 | 00

A21 | 00

A22 | 00

A23 | 00

A24 | 00

A25 | 00

A26 | 00

A27 | 00

A28 | 00

A29 | 00

A2A | 00

A2B | 00

A2C | 00

A2D | 00

A2E | 00

A2F | 00

A30 | 00

A31 | 00

A32 | 00

A33 | 00

A34 | 00

A35 | 00

A36 | 00

A37 | 00

A38 | 00

A39 | 00

A3A | 00

A3B | 00

A3C | 00

A3D | 00

A3E | 00

A3F | 00

A40 | 00

A41 | 00

A42 | 00

A43 | 00

A44 | 00

A45 | 00

A46 | 00

A47 | 00

A48 | 00

A49 | 00

A4A | 00

A4B | 00

A4C | 00

A4D | 00

A4E | 00

A4F | 00

A50 | 00

A51 | 00

A52 | 00

A53 | 00

A54 | 00

A55 | 00

A56 | 00

A57 | 00

A58 | 00

A59 | 00

A5A | 00

A5B | 00

A5C | 00

A5D | 00

A5E | 00

A5F | 00

A60 | 00

A61 | 00

A62 | 00

A63 | 00

A64 | 00

A65 | 00

A66 | 00

A67 | 00

A68 | 00

A69 | 00

A6A | 00

A6B | 00

A6C | 00

A6D | 00

A6E | 00

A6F | 00

A70 | 00

A71 | 00

A72 | 00

A73 | 00

A74 | 00

A75 | 00

A76 | 00

A77 | 00

A78 | 00

A79 | 00

A7A | 00

A7B | 00

A7C | 00

A7D | 00

A7E | 00

A7F | 00

A80 | 00

A81 | 00

A82 | 00

A83 | 00

A84 | 00

A85 | 00

A86 | 00

A87 | 00

A88 | 00

A89 | 00

A8A | 00

A8B | 00

A8C | 00

A8D | 00

A8E | 00

A8F | 00

A90 | 00

A91 | 00

A92 | 00

A93 | 00

A94 | 00

A95 | 00

A96 | 00

A97 | 00

A98 | 00

A99 | 00

A9A | 00

A9B | 00

A9C | 00

A9D | 00

A9E | 00

A9F | 00

AA0 | 00

AA1 | 00

AA2 | 00

AA3 | 00

AA4 | 00

AA5 | 00

AA6 | 00

AA7 | 00

AA8 | 00

AA9 | 00

AAA | 00

AAB | 00

AAC | 00

AAD | 00

AAE | 00

AAF | 00

AB0 | 00

AB1 | 00

AB2 | 00

AB3 | 00

AB4 | 00

AB5 | 00

AB6 | 00

AB7 | 00

AB8 | 00

AB9 | 00

ABA | 00

ABB | 00

ABC | 00

ABD | 00

ABE | 00

ABF | 00

AC0 | 00

AC1 | 00

AC2 | 00

AC3 | 00

AC4 | 00

AC5 | 00

AC6 | 00

AC7 | 00

AC8 | 00

AC9 | 00

ACA | 00

ACB | 00

ACC | 00

ACD | 00

ACE | 00

ACF | 00

AD0 | 00

AD1 | 00

AD2 | 00

AD3 | 00

AD4 | 00

AD5 | 00

AD6 | 00

AD7 | 00

AD8 | 00

AD9 | 00

ADA | 00

ADB | 00

ADC | 00

ADD | 00

ADE | 00

ADF | 00

AE0 | 00

AE1 | 00

AE2 | 00

AE3 | 00

AE4 | 00

AE5 | 00

AE6 | 00

AE7 | 00

AE8 | 00

AE9 | 00

AEA | 00

AEB | 00

AEC | 00

AED | 00

AEE | 00

AEF | 00

AF0 | 00

AF1 | 00

AF2 | 00

AF3 | 00

AF4 | 00

AF5 | 00

AF6 | 00

AF7 | 00

AF8 | 00

AF9 | 00

AFA | 00

AFB | 00

AFC | 00

AFD | 00

AFE | 00

AFF | 00

B00 | 00

B01 | 00

B02 | 00

B03 | 00

B04 | 00

B05 | 00

B06 | 00

B07 | 00

B08 | 00

B09 | 00

B0A | 00

B0B | 00

B0C | 00

B0D | 00

B0E | 00

B0F | 00

B10 | 00

B11 | 00

B12 | 00

B13 | 00

B14 | 00

B15 | 00

B16 | 00

B17 | 00

B18 | 00

B19 | 00

B1A | 00

B1B | 00

B1C | 00

B1D | 00

B1E | 00

B1F | 00

B20 | 00

B21 | 00

B22 | 00

B23 | 00

B24 | 00

B25 | 00

B26 | 00

B27 | 00

B28 | 00

B29 | 00

B2A | 00

B2B | 00

B2C | 00

B2D | 00

B2E | 00

B2F | 00

B30 | 00

B31 | 00

B32 | 00

B33 | 00

B34 | 00

B35 | 00

B36 | 00

B37 | 00

B38 | 00

B39 | 00

B3A | 00

B3B | 00

B3C | 00

B3D | 00

B3E | 00

B3F | 00

B40 | 00

B41 | 00

B42 | 00

B43 | 00

B44 | 00

B45 | 00

B46 | 00

B47 | 00

B48 | 00

B49 | 00

B4A | 00

B4B | 00

B4C | 00

B4D | 00

B4E | 00

B4F | 00

B50 | 00

B51 | 00

B52 | 00

B53 | 00

B54 | 00

B55 | 00

B56 | 00

B57 | 00

B58 | 00

B59 | 00

B5A | 00

B5B | 00

B5C | 00

B5D | 00

B5E | 00

B5F | 00

B60 | 00

B61 | 00

B62 | 00

B63 | 00

B64 | 00

B65 | 00

B66 | 00

B67 | 00

B68 | 00

B69 | 00

B6A | 00

B6B | 00

B6C | 00

B6D | 00

B6E | 00

B6F | 00

B70 | 00

B71 | 00

B72 | 00

B73 | 00

B74 | 00

B75 | 00

B76 | 00

B77 | 00

B78 | 00

B79 | 00

B7A | 00

B7B | 00

B7C | 00

B7D | 00

B7E | 00

B7F | 00

B80 | 00

B81 | 00

B82 | 00

B83 | 00

B84 | 00

B85 | 00

B86 | 00

B87 | 00

B88 | 00

B89 | 00

B8A | 00

B8B | 00

B8C | 00

B8D | 00

B8E | 00

B8F | 00

B90 | 00

B91 | 00

B92 | 00

B93 | 00

B94 | 00

B95 | 00

B96 | 00

B97 | 00

B98 | 00

B99 | 00

B9A | 00

B9B | 00

B9C | 00

B9D | 00

B9E | 00

B9F | 00

BA0 | 00

BA1 | 00

BA2 | 00

BA3 | 00

BA4 | 00

BA5 | 00

BA6 | 00

BA7 | 00

BA8 | 00

BA9 | 00

BAA | 00

BAB | 00

BAC | 00

BAD | 00

BAE | 00

BAF | 00

BB0 | 00

BB1 | 00

BB2 | 00

BB3 | 00

BB4 | 00

BB5 | 00

BB6 | 00

BB7 | 00

BB8 | 00

BB9 | 00

BBA | 00

BBB | 00

BBC | 00

BBD | 00

BBE | 00

BBF | 00

BC0 | 00

BC1 | 00

BC2 | 00

BC3 | 00

BC4 | 00

BC5 | 00

BC6 | 00

BC7 | 00

BC8 | 00

BC9 | 00

BCA | 00

BCB | 00

BCC | 00

BCD | 00

BCE | 00

BCF | 00

BD0 | 00

BD1 | 00

BD2 | 00

BD3 | 00

BD4 | 00

BD5 | 00

BD6 | 00

BD7 | 00

BD8 | 00

BD9 | 00

BDA | 00

BDB | 00

BDC | 00

BDD | 00

BDE | 00

BDF | 00

BE0 | 00

BE1 | 00

BE2 | 00

BE3 | 00

BE4 | 00

BE5 | 00

BE6 | 00

BE7 | 00

BE8 | 00

BE9 | 00

BEA | 00

BEB | 00

BEC | 00

BED | 00

BEE | 00

BEF | 00

BF0 | 00

BF1 | 00

BF2 | 00

BF3 | 00

BF4 | 00

BF5 | 00

BF6 | 00

BF7 | 00

BF8 | 00

BF9 | 00

BFA | 00

BFB | 00

BFC | 00

BFD | 00

BFE | 00

BFF | 00

C00 | 00

C01 | 00

C02 | 00

C03 | 00

C04 | 00

C05 | 00

C06 | 00

C07 | 00

C08 | 00

C09 | 00

C0A | 00

C0B | 00

C0C | 00

C0D | 00

C0E | 00

C0F | 00

C10 | 00

C11 | 00

C12 | 00

C13 | 00

C14 | 00

C15 | 00

C16 | 00

C17 | 00

C18 | 00

C19 | 00

C1A | 00

C1B | 00

C1C | 00

C1D | 00

C1E | 00

C1F | 00

C20 | 00

C21 | 00

C22 | 00

C23 | 00

C24 | 00

C25 | 00

C26 | 00

C27 | 00

C28 | 00

C29 | 00

C2A | 00

C2B | 00

C2C | 00

C2D | 00

C2E | 00

C2F | 00

C30 | 00

C31 | 00

C32 | 00

C33 | 00

C34 | 00

C35 | 00

C36 | 00

C37 | 00

C38 | 00

C39 | 00

C3A | 00

C3B | 00

C3C | 00

C3D | 00

C3E | 00

C3F | 00

C40 | 00

C41 | 00

C42 | 00

C43 | 00

C44 | 00

C45 | 00

C46 | 00

C47 | 00

C48 | 00

C49 | 00

C4A | 00

C4B | 00

C4C | 00

C4D | 00

C4E | 00

C4F | 00

C50 | 00

C51 | 00

C52 | 00

C53 | 00

C54 | 00

C55 | 00

C56 | 00

C57 | 00

C58 | 00

C59 | 00

C5A | 00

C5B | 00

C5C | 00

C5D | 00

C5E | 00

C5F | 00

C60 | 00

C61 | 00

C62 | 00

C63 | 00

C64 | 00

C65 | 00

C66 | 00

C67 | 00

C68 | 00

C69 | 00

C6A | 00

C6B | 00

C6C | 00

C6D | 00

C6E | 00

C6F | 00

C70 | 00

C71 | 00

C72 | 00

C73 | 00

C74 | 00

C75 | 00

C76 | 00

C77 | 00

C78 | 00

C79 | 00

C7A | 00

C7B | 00

C7C | 00

C7D | 00

C7E | 00

C7F | 00

C80 | 00

C81 | 00

C82 | 00

C83 | 00

C84 | 00

C85 | 00

C86 | 00

C87 | 00

C88 | 00

C89 | 00

C8A | 00

C8B | 00

C8C | 00

C8D | 00

C8E | 00

C8F | 00

C90 | 00

C91 | 00

C92 | 00

C93 | 00

C94 | 00

C95 | 00

C96 | 00

C97 | 00

C98 | 00

C99 | 00

C9A | 00

C9B | 00

C9C | 00

C9D | 00

C9E | 00

C9F | 00

CA0 | 00

CA1 | 00

CA2 | 00

CA3 | 00

CA4 | 00

CA5 | 00

CA6 | 00

CA7 | 00

CA8 | 00

CA9 | 00

CAA | 00

CAB | 00

CAC | 00

CAD | 00

CAE | 00

CAF | 00

CB0 | 00

CB1 | 00

CB2 | 00

CB3 | 00

CB4 | 00

CB5 | 00

CB6 | 00

CB7 | 00

CB8 | 00

CB9 | 00

CBA | 00

CBB | 00

CBC | 00

CBD | 00

CBE | 00

CBF | 00

CC0 | 00

CC1 | 00

CC2 | 00

CC3 | 00

CC4 | 00

CC5 | 00

CC6 | 00

CC7 | 00

CC8 | 00

CC9 | 00

CCA | 00

CCB | 00

CCC | 00

CCD | 00

CCE | 00

CCF | 00

CD0 | 00

CD1 | 00

CD2 | 00

CD3 | 00

CD4 | 00

CD5 | 00

CD6 | 00

CD7 | 00

CD8 | 00

CD9 | 00

CDA | 00

CDB | 00

CDC | 00

CDD | 00

CDE | 00

CDF | 00

CE0 | 00

CE1 | 00

CE2 | 00

CE3 | 00

CE4 | 00

CE5 | 00

CE6 | 00

CE7 | 00

CE8 | 00

CE9 | 00

CEA | 00

CEB | 00

CEC | 00

CED | 00

CEE | 00

CEF | 00

CF0 | 00

CF1 | 00

CF2 | 00

CF3 | 00

CF4 | 00

CF5 | 00

CF6 | 00

CF7 | 00

CF8 | 00

CF9 | 00

CFA | 00

CFB | 00

CFC | 00

CFD | 00

CFE | 00

CFF | 00

D00 | 00

D01 | 00

D02 | 00

D03 | 00

D04 | 00

D05 | 00

D06 | 00

D07 | 00

D08 | 00

D09 | 00

D0A | 00

D0B | 00

D0C | 00

D0D | 00

D0E | 00

D0F | 00

D10 | 00

D11 | 00

D12 | 00

D13 | 00

D14 | 00

D15 | 00

D16 | 00

D17 | 00

D18 | 00

D19 | 00

D1A | 00

D1B | 00

D1C | 00

D1D | 00

D1E | 00

D1F | 00

D20 | 00

D21 | 00

D22 | 00

D23 | 00

D24 | 00

D25 | 00

D26 | 00

D27 | 00

D28 | 00

D29 | 00

D2A | 00

D2B | 00

D2C | 00

D2D | 00

D2E | 00

D2F | 00

D30 | 00

D31 | 00

D32 | 00

D33 | 00

D34 | 00

D35 | 00

D36 | 00

D37 | 00

D38 | 00

D39 | 00

D3A | 00

D3B | 00

D3C | 00

D3D | 00

D3E | 00

D3F | 00

D40 | 00

D41 | 00

D42 | 00

D43 | 00

D44 | 00

D45 | 00

D46 | 00

D47 | 00

D48 | 00

D49 | 00

D4A | 00

D4B | 00

D4C | 00

D4D | 00

D4E | 00

D4F | 00

D50 | 00

D51 | 00

D52 | 00

D53 | 00

D54 | 00

D55 | 00

D56 | 00

D57 | 00

D58 | 00

D59 | 00

D5A | 00

D5B | 00

D5C | 00

D5D | 00

D5E | 00

D5F | 00

D60 | 00

D61 | 00

D62 | 00

D63 | 00

D64 | 00

D65 | 00

D66 | 00

D67 | 00

D68 | 00

D69 | 00

D6A | 00

D6B | 00

D6C | 00

D6D | 00

D6E | 00

D6F | 00

D70 | 00

D71 | 00

D72 | 00

D73 | 00

D74 | 00

D75 | 00

D76 | 00

D77 | 00

D78 | 00

D79 | 00

D7A | 00

D7B | 00

D7C | 00

D7D | 00

D7E | 00

D7F | 00

D80 | 00

D81 | 00

D82 | 00

D83 | 00

D84 | 00

D85 | 00

D86 | 00

D87 | 00

D88 | 00

D89 | 00

D8A | 00

D8B | 00

D8C | 00

D8D | 00

D8E | 00

D8F | 00

D90 | 00

D91 | 00

D92 | 00

D93 | 00

D94 | 00

D95 | 00

D96 | 00

D97 | 00

D98 | 00

D99 | 00

D9A | 00

D9B | 00

D9C | 00

D9D | 00

D9E | 00

D9F | 00

DA0 | 00

DA1 | 00

DA2 | 00

DA3 | 00

DA4 | 00

DA5 | 00

DA6 | 00

DA7 | 00

DA8 | 00

DA9 | 00

DAA | 00

DAB | 00

DAC | 00

DAD | 00

DAE | 00

DAF | 00

DB0 | 00

DB1 | 00

DB2 | 00

DB3 | 00

DB4 | 00

DB5 | 00

DB6 | 00

DB7 | 00

DB8 | 00

DB9 | 00

DBA | 00

DBB | 00

DBC | 00

DBD | 00

DBE | 00

DBF | 00

DC0 | 00

DC1 | 00

DC2 | 00

DC3 | 00

DC4 | 00

DC5 | 00

DC6 | 00

DC7 | 00

DC8 | 00

DC9 | 00

DCA | 00

DCB | 00

DCC | 00

DCD | 00

DCE | 00

DCF | 00

DD0 | 00

DD1 | 00

DD2 | 00

DD3 | 00

DD4 | 00

DD5 | 00

DD6 | 00

DD7 | 00

DD8 | 00

DD9 | 00

DDA | 00

DDB | 00

DDC | 00

DDD | 00

DDE | 00

DDF | 00

DE0 | 00

DE1 | 00

DE2 | 00

DE3 | 00

DE4 | 00

DE5 | 00

DE6 | 00

DE7 | 00

DE8 | 00

DE9 | 00

DEA | 00

DEB | 00

DEC | 00

DED | 00

DEE | 00

DEF | 00

DF0 | 00

DF1 | 00

DF2 | 00

DF3 | 00

DF4 | 00

DF5 | 00

DF6 | 00

DF7 | 00

DF8 | 00

DF9 | 00

DFA | 00

DFB | 00

DFC | 00

DFD | 00

DFE | 00

DFF | 00

E00 | 00

E01 | 00

E02 | 00

E03 | 00

E04 | 00

E05 | 00

E06 | 00

E07 | 00

E08 | 00

E09 | 00

E0A | 00

E0B | 00

E0C | 00

E0D | 00

E0E | 00

E0F | 00

E10 | 00

E11 | 00

E12 | 00

E13 | 00

E14 | 00

E15 | 00

E16 | 00

E17 | 00

E18 | 00

E19 | 00

E1A | 00

E1B | 00

E1C | 00

E1D | 00

E1E | 00

E1F | 00

E20 | 00

E21 | 00

E22 | 00

E23 | 00

E24 | 00

E25 | 00

E26 | 00

E27 | 00

E28 | 00

E29 | 00

E2A | 00

E2B | 00

E2C | 00

E2D | 00

E2E | 00

E2F | 00

E30 | 00

E31 | 00

E32 | 00

E33 | 00

E34 | 00

E35 | 00

E36 | 00

E37 | 00

E38 | 00

E39 | 00

E3A | 00

E3B | 00

E3C | 00

E3D | 00

E3E | 00

E3F | 00

E40 | 00

E41 | 00

E42 | 00

E43 | 00

E44 | 00

E45 | 00

E46 | 00

E47 | 00

E48 | 00

E49 | 00

E4A | 00

E4B | 00

E4C | 00

E4D | 00

E4E | 00

E4F | 00

E50 | 00

E51 | 00

E52 | 00

E53 | 00

E54 | 00

E55 | 00

E56 | 00

E57 | 00

E58 | 00

E59 | 00

E5A | 00

E5B | 00

E5C | 00

E5D | 00

E5E | 00

E5F | 00

E60 | 00

E61 | 00

E62 | 00

E63 | 00

E64 | 00

E65 | 00

E66 | 00

E67 | 00

E68 | 00

E69 | 00

E6A | 00

E6B | 00

E6C | 00

E6D | 00

E6E | 00

E6F | 00

E70 | 00

E71 | 00

E72 | 00

E73 | 00

E74 | 00

E75 | 00

E76 | 00

E77 | 00

E78 | 00

E79 | 00

E7A | 00

E7B | 00

E7C | 00

E7D | 00

E7E | 00

E7F | 00

E80 | 00

E81 | 00

E82 | 00

E83 | 00

E84 | 00

E85 | 00

E86 | 00

E87 | 00

E88 | 00

E89 | 00

E8A | 00

E8B | 00

E8C | 00

E8D | 00

E8E | 00

E8F | 00

E90 | 00

E91 | 00

E92 | 00

E93 | 00

E94 | 00

E95 | 00

E96 | 00

E97 | 00

E98 | 00

E99 | 00

E9A | 00

E9B | 00

E9C | 00

E9D | 00

E9E | 00

E9F | 00

EA0 | 00

EA1 | 00

EA2 | 00

EA3 | 00

EA4 | 00

EA5 | 00

EA6 | 00

EA7 | 00

EA8 | 00

EA9 | 00

EAA | 00

EAB | 00

EAC | 00

EAD | 00

EAE | 00

EAF | 00

EB0 | 00

EB1 | 00

EB2 | 00

EB3 | 00

EB4 | 00

EB5 | 00

EB6 | 00

EB7 | 00

EB8 | 00

EB9 | 00

EBA | 00

EBB | 00

EBC | 00

EBD | 00

EBE | 00

EBF | 00

EC0 | 00

EC1 | 00

EC2 | 00

EC3 | 00

EC4 | 00

EC5 | 00

EC6 | 00

EC7 | 00

EC8 | 00

EC9 | 00

ECA | 00

ECB | 00

ECC | 00

ECD | 00

ECE | 00

ECF | 00

ED0 | 00

ED1 | 00

ED2 | 00

ED3 | 00

ED4 | 00

ED5 | 00

ED6 | 00

ED7 | 00

ED8 | 00

ED9 | 00

EDA | 00

EDB | 00

EDC | 00

EDD | 00

EDE | 00

EDF | 00

EE0 | 00

EE1 | 00

EE2 | 00

EE3 | 00

EE4 | 00

EE5 | 00

EE6 | 00

EE7 | 00

EE8 | 00

EE9 | 00

EEA | 00

EEB | 00

EEC | 00

EED | 00

EEE | 00

EEF | 00

EF0 | 00

EF1 | 00

EF2 | 00

EF3 | 00

EF4 | 00

EF5 | 00

EF6 | 00

EF7 | 00

EF8 | 00

EF9 | 00

EFA | 00

EFB | 00

EFC | 00

EFD | 00

EFE | 00

EFF | 00

F00 | 00

F01 | 00

F02 | 00

F03 | 00

F04 | 00

F05 | 00

F06 | 00

F07 | 00

F08 | 00

F09 | 00

F0A | 00

F0B | 00

F0C | 00

F0D | 00

F0E | 00

F0F | 00

F10 | 00

F11 | 00

F12 | 00

F13 | 00

F14 | 00

F15 | 00

F16 | 00

F17 | 00

F18 | 00

F19 | 00

F1A | 00

F1B | 00

F1C | 00

F1D | 00

F1E | 00

F1F | 00

F20 | 00

F21 | 00

F22 | 00

F23 | 00

F24 | 00

F25 | 00

F26 | 00

F27 | 00

F28 | 00

F29 | 00

F2A | 00

F2B | 00

F2C | 00

F2D | 00

F2E | 00

F2F | 00

F30 | 00

F31 | 00

F32 | 00

F33 | 00

F34 | 00

F35 | 00

F36 | 00

F37 | 00

F38 | 00

F39 | 00

F3A | 00

F3B | 00

F3C | 00

F3D | 00

F3E | 00

F3F | 00

F40 | 00

F41 | 00

F42 | 00

F43 | 00

F44 | 00

F45 | 00

F46 | 00

F47 | 00

F48 | 00

F49 | 00

F4A | 00

F4B | 00

F4C | 00

F4D | 00

F4E | 00

F4F | 00

F50 | 00

F51 | 00

F52 | 00

F53 | 00

F54 | 00

F55 | 00

F56 | 00

F57 | 00

F58 | 00

F59 | 00

F5A | 00

F5B | 00

F5C | 00

F5D | 00

F5E | 00

F5F | 00

F60 | 00

F61 | 00

F62 | 00

F63 | 00

F64 | 00

F65 | 00

F66 | 00

F67 | 00

F68 | 00

F69 | 00

F6A | 00

F6B | 00

F6C | 00

F6D | 00

F6E | 00

F6F | 00

F70 | 00

F71 | 00

F72 | 00

F73 | 00

F74 | 00

F75 | 00

F76 | 00

F77 | 00

F78 | 00

F79 | 00

F7A | 00

F7B | 00

F7C | 00

F7D | 00

F7E | 00

F7F | 00

F80 | 00

F81 | 00

F82 | 00

F83 | 00

F84 | 00

F85 | 00

F86 | 00

F87 | 00

F88 | 00

F89 | 00

F8A | 00

F8B | 00

F8C | 00

F8D | 00

F8E | 00

F8F | 00

F90 | 00

F91 | 00

F92 | 00

F93 | 00

F94 | 00

F95 | 00

F96 | 00

F97 | 00

F98 | 00

F99 | 00

F9A | 00

F9B | 00

F9C | 00

F9D | 00

F9E | 00

F9F | 00

FA0 | 00

FA1 | 00

FA2 | 00

FA3 | 00

FA4 | 00

FA5 | 00

FA6 | 00

FA7 | 00

FA8 | 00

FA9 | 00

FAA | 00

FAB | 00

FAC | 00

FAD | 00

FAE | 00

FAF | 00

FB0 | 00

FB1 | 00

FB2 | 00

FB3 | 00

FB4 | 00

FB5 | 00

FB6 | 00

FB7 | 00

FB8 | 00

FB9 | 00

FBA | 00

FBB | 00

FBC | 00

FBD | 00

FBE | 00

FBF | 00

FC0 | 00

FC1 | 00

FC2 | 00

FC3 | 00

FC4 | 00

FC5 | 00

FC6 | 00

FC7 | 00

FC8 | 00

FC9 | 00

FCA | 00

FCB | 00

FCC | 00

FCD | 00

FCE | 00

FCF | 00

FD0 | 00

FD1 | 00

FD2 | 00

FD3 | 00

FD4 | 00

FD5 | 00

FD6 | 00

FD7 | 00

FD8 | 00

FD9 | 00

FDA | 00

FDB | 00

FDC | 00

FDD | 00

FDE | 00

FDF | 00

FE0 | 00

FE1 | 00

FE2 | 00

FE3 | 00

FE4 | 00

FE5 | 00

FE6 | 00

FE7 | 00

FE8 | 00

FE9 | 00

FEA | 00

FEB | 00

FEC | 00

FED | 00

FEE | 00

FEF | 00

FF0 | 00

FF1 | 00

FF2 | 00

FF3 | 00

FF4 | 00

FF5 | 00

FF6 | 00

FF7 | 00

FF8 | 00

FF9 | 00

FFA | 00

FFB | 00

FFC | 00

FFD | 00

FFE | 00

FFF | 00
